{"/Users/mannysa/SAIL projects/visualizing-energy/backend/src/server.js": {"path":"/Users/mannysa/SAIL projects/visualizing-energy/backend/src/server.js","statementMap":{"0":{"start":{"line":1,"column":14},"end":{"line":1,"column":32}},"1":{"start":{"line":2,"column":11},"end":{"line":2,"column":26}},"2":{"start":{"line":3,"column":17},"end":{"line":3,"column":39}},"3":{"start":{"line":4,"column":20},"end":{"line":4,"column":42}},"4":{"start":{"line":5,"column":0},"end":{"line":5,"column":27}},"5":{"start":{"line":7,"column":12},"end":{"line":7,"column":23}},"6":{"start":{"line":8,"column":21},"end":{"line":8,"column":54}},"7":{"start":{"line":9,"column":20},"end":{"line":9,"column":52}},"8":{"start":{"line":11,"column":27},"end":{"line":11,"column":37}},"9":{"start":{"line":12,"column":26},"end":{"line":12,"column":35}},"10":{"start":{"line":16,"column":14},"end":{"line":16,"column":23}},"11":{"start":{"line":17,"column":2},"end":{"line":17,"column":29}},"12":{"start":{"line":18,"column":2},"end":{"line":22,"column":4}},"13":{"start":{"line":23,"column":2},"end":{"line":23,"column":18}},"14":{"start":{"line":24,"column":2},"end":{"line":24,"column":44}},"15":{"start":{"line":25,"column":2},"end":{"line":25,"column":42}},"16":{"start":{"line":27,"column":15},"end":{"line":27,"column":39}},"17":{"start":{"line":28,"column":17},"end":{"line":30,"column":4}},"18":{"start":{"line":29,"column":4},"end":{"line":29,"column":57}},"19":{"start":{"line":33,"column":2},"end":{"line":35,"column":5}},"20":{"start":{"line":34,"column":4},"end":{"line":34,"column":27}},"21":{"start":{"line":37,"column":2},"end":{"line":41,"column":5}},"22":{"start":{"line":38,"column":4},"end":{"line":38,"column":31}},"23":{"start":{"line":39,"column":4},"end":{"line":39,"column":46}},"24":{"start":{"line":39,"column":25},"end":{"line":39,"column":46}},"25":{"start":{"line":40,"column":4},"end":{"line":40,"column":49}},"26":{"start":{"line":43,"column":2},"end":{"line":43,"column":38}},"27":{"start":{"line":45,"column":0},"end":{"line":45,"column":29}}},"fnMap":{"0":{"name":"startServer","decl":{"start":{"line":14,"column":9},"end":{"line":14,"column":20}},"loc":{"start":{"line":14,"column":23},"end":{"line":44,"column":1}},"line":14},"1":{"name":"(anonymous_1)","decl":{"start":{"line":28,"column":34},"end":{"line":28,"column":35}},"loc":{"start":{"line":28,"column":40},"end":{"line":30,"column":3}},"line":28},"2":{"name":"(anonymous_2)","decl":{"start":{"line":33,"column":10},"end":{"line":33,"column":11}},"loc":{"start":{"line":33,"column":30},"end":{"line":35,"column":3}},"line":33},"3":{"name":"(anonymous_3)","decl":{"start":{"line":37,"column":10},"end":{"line":37,"column":11}},"loc":{"start":{"line":37,"column":41},"end":{"line":41,"column":3}},"line":37}},"branchMap":{"0":{"loc":{"start":{"line":27,"column":15},"end":{"line":27,"column":39}},"type":"binary-expr","locations":[{"start":{"line":27,"column":15},"end":{"line":27,"column":31}},{"start":{"line":27,"column":35},"end":{"line":27,"column":39}}],"line":27},"1":{"loc":{"start":{"line":39,"column":4},"end":{"line":39,"column":46}},"type":"if","locations":[{"start":{"line":39,"column":4},"end":{"line":39,"column":46}},{"start":{},"end":{}}],"line":39}},"s":{"0":2,"1":2,"2":2,"3":2,"4":2,"5":2,"6":2,"7":2,"8":2,"9":2,"10":2,"11":2,"12":2,"13":2,"14":2,"15":2,"16":2,"17":2,"18":2,"19":2,"20":0,"21":2,"22":0,"23":0,"24":0,"25":0,"26":2,"27":2},"f":{"0":2,"1":2,"2":0,"3":0},"b":{"0":[2,2],"1":[0,0]},"_coverageSchema":"1a1c01bbd47fc00a2c39e90264f33305004495a9","hash":"99236476686c7f3fe176a6c225bf37700b086f0d"}
,"/Users/mannysa/SAIL projects/visualizing-energy/backend/src/utils.js": {"path":"/Users/mannysa/SAIL projects/visualizing-energy/backend/src/utils.js","statementMap":{"0":{"start":{"line":1,"column":27},"end":{"line":1,"column":64}},"1":{"start":{"line":3,"column":2},"end":{"line":3,"column":77}},"2":{"start":{"line":11,"column":2},"end":{"line":15,"column":4}},"3":{"start":{"line":25,"column":2},"end":{"line":25,"column":46}},"4":{"start":{"line":33,"column":2},"end":{"line":38,"column":3}},"5":{"start":{"line":34,"column":4},"end":{"line":34,"column":11}},"6":{"start":{"line":36,"column":4},"end":{"line":36,"column":20}},"7":{"start":{"line":37,"column":4},"end":{"line":37,"column":44}},"8":{"start":{"line":46,"column":2},"end":{"line":51,"column":3}},"9":{"start":{"line":47,"column":4},"end":{"line":47,"column":11}},"10":{"start":{"line":49,"column":4},"end":{"line":49,"column":20}},"11":{"start":{"line":50,"column":4},"end":{"line":50,"column":39}},"12":{"start":{"line":54,"column":0},"end":{"line":54,"column":59}}},"fnMap":{"0":{"name":"hasWriteAccess","decl":{"start":{"line":10,"column":9},"end":{"line":10,"column":23}},"loc":{"start":{"line":10,"column":29},"end":{"line":16,"column":1}},"line":10},"1":{"name":"hasExpectedWritePayload","decl":{"start":{"line":24,"column":9},"end":{"line":24,"column":32}},"loc":{"start":{"line":24,"column":38},"end":{"line":26,"column":1}},"line":24},"2":{"name":"verifyWriteAccess","decl":{"start":{"line":32,"column":9},"end":{"line":32,"column":26}},"loc":{"start":{"line":32,"column":43},"end":{"line":39,"column":1}},"line":32},"3":{"name":"verifyWritePayload","decl":{"start":{"line":45,"column":9},"end":{"line":45,"column":27}},"loc":{"start":{"line":45,"column":44},"end":{"line":52,"column":1}},"line":45}},"branchMap":{"0":{"loc":{"start":{"line":12,"column":4},"end":{"line":14,"column":34}},"type":"binary-expr","locations":[{"start":{"line":12,"column":4},"end":{"line":12,"column":29}},{"start":{"line":13,"column":4},"end":{"line":14,"column":34}}],"line":12},"1":{"loc":{"start":{"line":25,"column":9},"end":{"line":25,"column":45}},"type":"binary-expr","locations":[{"start":{"line":25,"column":9},"end":{"line":25,"column":17}},{"start":{"line":25,"column":21},"end":{"line":25,"column":45}}],"line":25},"2":{"loc":{"start":{"line":33,"column":2},"end":{"line":38,"column":3}},"type":"if","locations":[{"start":{"line":33,"column":2},"end":{"line":38,"column":3}},{"start":{"line":35,"column":9},"end":{"line":38,"column":3}}],"line":33},"3":{"loc":{"start":{"line":46,"column":2},"end":{"line":51,"column":3}},"type":"if","locations":[{"start":{"line":46,"column":2},"end":{"line":51,"column":3}},{"start":{"line":48,"column":9},"end":{"line":51,"column":3}}],"line":46}},"s":{"0":2,"1":2,"2":9,"3":6,"4":9,"5":7,"6":2,"7":2,"8":6,"9":5,"10":1,"11":1,"12":2},"f":{"0":9,"1":6,"2":9,"3":6},"b":{"0":[9,7],"1":[6,6],"2":[7,2],"3":[5,1]},"_coverageSchema":"1a1c01bbd47fc00a2c39e90264f33305004495a9","hash":"5a7a2f5741301dba06dec8cd68094e461ba2a072"}
,"/Users/mannysa/SAIL projects/visualizing-energy/backend/src/models/Content.js": {"path":"/Users/mannysa/SAIL projects/visualizing-energy/backend/src/models/Content.js","statementMap":{"0":{"start":{"line":1,"column":17},"end":{"line":1,"column":36}},"1":{"start":{"line":2,"column":15},"end":{"line":2,"column":30}},"2":{"start":{"line":4,"column":33},"end":{"line":4,"column":49}},"3":{"start":{"line":6,"column":20},"end":{"line":15,"column":1}},"4":{"start":{"line":17,"column":0},"end":{"line":17,"column":64}}},"fnMap":{},"branchMap":{},"s":{"0":2,"1":2,"2":2,"3":2,"4":2},"f":{},"b":{},"_coverageSchema":"1a1c01bbd47fc00a2c39e90264f33305004495a9","hash":"0c1c08660b8378a7b56985063d51fc8d0253b730"}
,"/Users/mannysa/SAIL projects/visualizing-energy/backend/src/routes/content.route.js": {"path":"/Users/mannysa/SAIL projects/visualizing-energy/backend/src/routes/content.route.js","statementMap":{"0":{"start":{"line":1,"column":0},"end":{"line":1,"column":60}},"1":{"start":{"line":3,"column":16},"end":{"line":3,"column":44}},"2":{"start":{"line":4,"column":50},"end":{"line":4,"column":69}},"3":{"start":{"line":5,"column":22},"end":{"line":5,"column":45}},"4":{"start":{"line":6,"column":29},"end":{"line":6,"column":68}},"5":{"start":{"line":9,"column":0},"end":{"line":16,"column":3}},"6":{"start":{"line":10,"column":2},"end":{"line":15,"column":3}},"7":{"start":{"line":11,"column":4},"end":{"line":11,"column":19}},"8":{"start":{"line":13,"column":4},"end":{"line":13,"column":20}},"9":{"start":{"line":14,"column":4},"end":{"line":14,"column":39}},"10":{"start":{"line":19,"column":0},"end":{"line":30,"column":3}},"11":{"start":{"line":20,"column":2},"end":{"line":29,"column":3}},"12":{"start":{"line":21,"column":20},"end":{"line":23,"column":6}},"13":{"start":{"line":24,"column":4},"end":{"line":24,"column":25}},"14":{"start":{"line":25,"column":4},"end":{"line":25,"column":34}},"15":{"start":{"line":27,"column":4},"end":{"line":27,"column":20}},"16":{"start":{"line":28,"column":4},"end":{"line":28,"column":39}},"17":{"start":{"line":33,"column":0},"end":{"line":43,"column":3}},"18":{"start":{"line":34,"column":2},"end":{"line":42,"column":3}},"19":{"start":{"line":35,"column":23},"end":{"line":37,"column":22}},"20":{"start":{"line":38,"column":4},"end":{"line":38,"column":25}},"21":{"start":{"line":40,"column":4},"end":{"line":40,"column":20}},"22":{"start":{"line":41,"column":4},"end":{"line":41,"column":39}},"23":{"start":{"line":46,"column":0},"end":{"line":59,"column":3}},"24":{"start":{"line":47,"column":2},"end":{"line":58,"column":3}},"25":{"start":{"line":48,"column":20},"end":{"line":48,"column":65}},"26":{"start":{"line":49,"column":4},"end":{"line":54,"column":5}},"27":{"start":{"line":50,"column":6},"end":{"line":50,"column":22}},"28":{"start":{"line":51,"column":6},"end":{"line":51,"column":69}},"29":{"start":{"line":53,"column":6},"end":{"line":53,"column":24}},"30":{"start":{"line":56,"column":4},"end":{"line":56,"column":20}},"31":{"start":{"line":57,"column":4},"end":{"line":57,"column":39}},"32":{"start":{"line":62,"column":0},"end":{"line":75,"column":3}},"33":{"start":{"line":63,"column":2},"end":{"line":74,"column":3}},"34":{"start":{"line":64,"column":27},"end":{"line":67,"column":5}},"35":{"start":{"line":68,"column":25},"end":{"line":68,"column":57}},"36":{"start":{"line":69,"column":4},"end":{"line":69,"column":30}},"37":{"start":{"line":70,"column":4},"end":{"line":70,"column":29}},"38":{"start":{"line":72,"column":4},"end":{"line":72,"column":20}},"39":{"start":{"line":73,"column":4},"end":{"line":73,"column":39}},"40":{"start":{"line":78,"column":0},"end":{"line":88,"column":3}},"41":{"start":{"line":79,"column":2},"end":{"line":87,"column":3}},"42":{"start":{"line":80,"column":4},"end":{"line":82,"column":7}},"43":{"start":{"line":83,"column":4},"end":{"line":83,"column":36}},"44":{"start":{"line":85,"column":4},"end":{"line":85,"column":20}},"45":{"start":{"line":86,"column":4},"end":{"line":86,"column":39}},"46":{"start":{"line":90,"column":0},"end":{"line":90,"column":24}}},"fnMap":{"0":{"name":"(anonymous_0)","decl":{"start":{"line":9,"column":22},"end":{"line":9,"column":23}},"loc":{"start":{"line":9,"column":42},"end":{"line":16,"column":1}},"line":9},"1":{"name":"(anonymous_1)","decl":{"start":{"line":19,"column":45},"end":{"line":19,"column":46}},"loc":{"start":{"line":19,"column":65},"end":{"line":30,"column":1}},"line":19},"2":{"name":"(anonymous_2)","decl":{"start":{"line":33,"column":25},"end":{"line":33,"column":26}},"loc":{"start":{"line":33,"column":45},"end":{"line":43,"column":1}},"line":33},"3":{"name":"(anonymous_3)","decl":{"start":{"line":46,"column":25},"end":{"line":46,"column":26}},"loc":{"start":{"line":46,"column":45},"end":{"line":59,"column":1}},"line":46},"4":{"name":"(anonymous_4)","decl":{"start":{"line":62,"column":47},"end":{"line":62,"column":48}},"loc":{"start":{"line":62,"column":67},"end":{"line":75,"column":1}},"line":62},"5":{"name":"(anonymous_5)","decl":{"start":{"line":78,"column":47},"end":{"line":78,"column":48}},"loc":{"start":{"line":78,"column":67},"end":{"line":88,"column":1}},"line":78}},"branchMap":{"0":{"loc":{"start":{"line":49,"column":4},"end":{"line":54,"column":5}},"type":"if","locations":[{"start":{"line":49,"column":4},"end":{"line":54,"column":5}},{"start":{"line":52,"column":11},"end":{"line":54,"column":5}}],"line":49}},"s":{"0":2,"1":2,"2":2,"3":2,"4":2,"5":2,"6":0,"7":0,"8":0,"9":0,"10":2,"11":4,"12":4,"13":4,"14":4,"15":0,"16":0,"17":2,"18":1,"19":1,"20":1,"21":0,"22":0,"23":2,"24":1,"25":1,"26":1,"27":0,"28":0,"29":1,"30":0,"31":0,"32":2,"33":1,"34":1,"35":1,"36":1,"37":1,"38":0,"39":0,"40":2,"41":1,"42":1,"43":1,"44":0,"45":0,"46":2},"f":{"0":0,"1":4,"2":1,"3":1,"4":1,"5":1},"b":{"0":[0,1]},"_coverageSchema":"1a1c01bbd47fc00a2c39e90264f33305004495a9","hash":"db81be459f865ecd4c6961e30cb16064feb6d9a2"}
,"/Users/mannysa/SAIL projects/visualizing-energy/backend/src/routes/health.route.js": {"path":"/Users/mannysa/SAIL projects/visualizing-energy/backend/src/routes/health.route.js","statementMap":{"0":{"start":{"line":1,"column":0},"end":{"line":1,"column":60}},"1":{"start":{"line":3,"column":22},"end":{"line":3,"column":45}},"2":{"start":{"line":6,"column":0},"end":{"line":13,"column":3}},"3":{"start":{"line":7,"column":2},"end":{"line":12,"column":3}},"4":{"start":{"line":8,"column":4},"end":{"line":8,"column":31}},"5":{"start":{"line":10,"column":4},"end":{"line":10,"column":20}},"6":{"start":{"line":11,"column":4},"end":{"line":11,"column":39}},"7":{"start":{"line":15,"column":0},"end":{"line":15,"column":24}}},"fnMap":{"0":{"name":"(anonymous_0)","decl":{"start":{"line":6,"column":22},"end":{"line":6,"column":23}},"loc":{"start":{"line":6,"column":42},"end":{"line":13,"column":1}},"line":6}},"branchMap":{},"s":{"0":2,"1":2,"2":2,"3":1,"4":1,"5":0,"6":0,"7":2},"f":{"0":1},"b":{},"_coverageSchema":"1a1c01bbd47fc00a2c39e90264f33305004495a9","hash":"949bcec5983b4871a413850747f07625a4207961"}
}
