TN:
SF:src/server.js
FN:14,startServer
FN:28,(anonymous_1)
FN:33,(anonymous_2)
FN:37,(anonymous_3)
FNF:4
FNH:2
FNDA:2,startServer
FNDA:2,(anonymous_1)
FNDA:0,(anonymous_2)
FNDA:0,(anonymous_3)
DA:1,2
DA:2,2
DA:3,2
DA:4,2
DA:5,2
DA:7,2
DA:8,2
DA:9,2
DA:11,2
DA:12,2
DA:16,2
DA:17,2
DA:18,2
DA:23,2
DA:24,2
DA:25,2
DA:27,2
DA:28,2
DA:29,2
DA:33,2
DA:34,0
DA:37,2
DA:38,0
DA:39,0
DA:40,0
DA:43,2
DA:45,2
LF:27
LH:23
BRDA:27,0,0,2
BRDA:27,0,1,2
BRDA:39,1,0,0
BRDA:39,1,1,0
BRF:4
BRH:2
end_of_record
TN:
SF:src/utils.js
FN:10,hasWriteAccess
FN:24,hasExpectedWritePayload
FN:32,verifyWriteAccess
FN:45,verifyWritePayload
FNF:4
FNH:4
FNDA:9,hasWriteAccess
FNDA:6,hasExpectedWritePayload
FNDA:9,verifyWriteAccess
FNDA:6,verifyWritePayload
DA:1,2
DA:3,2
DA:11,9
DA:25,6
DA:33,9
DA:34,7
DA:36,2
DA:37,2
DA:46,6
DA:47,5
DA:49,1
DA:50,1
DA:54,2
LF:13
LH:13
BRDA:12,0,0,9
BRDA:12,0,1,7
BRDA:25,1,0,6
BRDA:25,1,1,6
BRDA:33,2,0,7
BRDA:33,2,1,2
BRDA:46,3,0,5
BRDA:46,3,1,1
BRF:8
BRH:8
end_of_record
TN:
SF:src/models/Content.js
FNF:0
FNH:0
DA:1,2
DA:2,2
DA:4,2
DA:6,2
DA:17,2
LF:5
LH:5
BRF:0
BRH:0
end_of_record
TN:
SF:src/routes/content.route.js
FN:9,(anonymous_0)
FN:19,(anonymous_1)
FN:33,(anonymous_2)
FN:46,(anonymous_3)
FN:62,(anonymous_4)
FN:78,(anonymous_5)
FNF:6
FNH:5
FNDA:0,(anonymous_0)
FNDA:4,(anonymous_1)
FNDA:1,(anonymous_2)
FNDA:1,(anonymous_3)
FNDA:1,(anonymous_4)
FNDA:1,(anonymous_5)
DA:1,2
DA:3,2
DA:4,2
DA:5,2
DA:6,2
DA:9,2
DA:10,0
DA:11,0
DA:13,0
DA:14,0
DA:19,2
DA:20,4
DA:21,4
DA:24,4
DA:25,4
DA:27,0
DA:28,0
DA:33,2
DA:34,1
DA:35,1
DA:38,1
DA:40,0
DA:41,0
DA:46,2
DA:47,1
DA:48,1
DA:49,1
DA:50,0
DA:51,0
DA:53,1
DA:56,0
DA:57,0
DA:62,2
DA:63,1
DA:64,1
DA:68,1
DA:69,1
DA:70,1
DA:72,0
DA:73,0
DA:78,2
DA:79,1
DA:80,1
DA:83,1
DA:85,0
DA:86,0
DA:90,2
LF:47
LH:31
BRDA:49,0,0,0
BRDA:49,0,1,1
BRF:2
BRH:1
end_of_record
TN:
SF:src/routes/health.route.js
FN:6,(anonymous_0)
FNF:1
FNH:1
FNDA:1,(anonymous_0)
DA:1,2
DA:3,2
DA:6,2
DA:7,1
DA:8,1
DA:10,0
DA:11,0
DA:15,2
LF:8
LH:6
BRF:0
BRH:0
end_of_record
