TN:
SF:src/server.js
FN:11,startServer
FN:24,(anonymous_1)
FN:29,(anonymous_2)
FN:33,(anonymous_3)
FNF:4
FNH:2
FNDA:1,startServer
FNDA:1,(anonymous_1)
FNDA:0,(anonymous_2)
FNDA:0,(anonymous_3)
DA:1,1
DA:2,1
DA:3,1
DA:4,1
DA:5,1
DA:7,1
DA:8,1
DA:9,1
DA:13,1
DA:14,1
DA:15,1
DA:20,1
DA:21,1
DA:23,1
DA:24,1
DA:25,1
DA:29,1
DA:30,0
DA:33,1
DA:34,0
DA:35,0
DA:36,0
DA:39,1
DA:41,1
LF:24
LH:20
BRDA:23,0,0,1
BRDA:23,0,1,1
BRDA:35,1,0,0
BRDA:35,1,1,0
BRF:4
BRH:2
end_of_record
TN:
SF:src/utils.js
FN:10,hasWriteAccess
FN:23,hasExpectedWritePayload
FN:31,verifyWriteAccess
FN:44,verifyWritePayload
FNF:4
FNH:4
FNDA:9,hasWriteAccess
FNDA:6,hasExpectedWritePayload
FNDA:9,verifyWriteAccess
FNDA:6,verifyWritePayload
DA:1,1
DA:3,1
DA:11,9
DA:24,6
DA:32,9
DA:33,7
DA:35,2
DA:36,2
DA:45,6
DA:46,5
DA:48,1
DA:49,1
DA:53,1
LF:13
LH:13
BRDA:12,0,0,9
BRDA:12,0,1,7
BRDA:24,1,0,6
BRDA:24,1,1,6
BRDA:32,2,0,7
BRDA:32,2,1,2
BRDA:45,3,0,5
BRDA:45,3,1,1
BRF:8
BRH:8
end_of_record
TN:
SF:src/models/Content.js
FNF:0
FNH:0
DA:1,1
DA:2,1
DA:4,1
DA:6,1
DA:17,1
LF:5
LH:5
BRF:0
BRH:0
end_of_record
TN:
SF:src/routes/content.route.js
FN:9,(anonymous_0)
FN:23,(anonymous_1)
FN:36,(anonymous_2)
FN:52,(anonymous_3)
FN:68,(anonymous_4)
FNF:5
FNH:5
FNDA:4,(anonymous_0)
FNDA:1,(anonymous_1)
FNDA:1,(anonymous_2)
FNDA:1,(anonymous_3)
FNDA:1,(anonymous_4)
DA:1,1
DA:3,1
DA:4,1
DA:5,1
DA:6,1
DA:9,1
DA:10,4
DA:11,4
DA:14,4
DA:15,4
DA:17,0
DA:18,0
DA:23,1
DA:24,1
DA:25,1
DA:28,1
DA:30,0
DA:31,0
DA:36,1
DA:37,1
DA:38,1
DA:39,1
DA:40,0
DA:41,0
DA:43,1
DA:46,0
DA:47,0
DA:52,1
DA:53,1
DA:54,1
DA:58,1
DA:59,1
DA:60,1
DA:62,0
DA:63,0
DA:68,1
DA:69,1
DA:70,1
DA:73,1
DA:75,0
DA:76,0
DA:80,1
LF:42
LH:30
BRDA:39,0,0,0
BRDA:39,0,1,1
BRF:2
BRH:1
end_of_record
